<?xml version="1.0" encoding="UTF-8"?>
<testng-results skipped="0" failed="0" ignored="0" total="1" passed="1">
  <reporter-output>
  </reporter-output>
  <suite name="Default suite" duration-ms="413271" started-at="2020-06-08T17:02:21 IST" finished-at="2020-06-08T17:09:14 IST">
    <groups>
    </groups>
    <test name="Default test" duration-ms="413271" started-at="2020-06-08T17:02:21 IST" finished-at="2020-06-08T17:09:14 IST">
      <class name="executeEngine.DriverScript">
        <test-method status="PASS" signature="beforeTest()[pri:0, instance:executeEngine.DriverScript@7494e528]" name="beforeTest" is-config="true" duration-ms="250" started-at="2020-06-08T17:02:21 IST" finished-at="2020-06-08T17:02:21 IST">
          <reporter-output>
          </reporter-output>
        </test-method> <!-- beforeTest -->
        <test-method status="PASS" signature="moduleData()[pri:0, instance:executeEngine.DriverScript@7494e528]" name="moduleData" duration-ms="412964" started-at="2020-06-08T17:02:21 IST" finished-at="2020-06-08T17:09:14 IST">
          <reporter-output>
          </reporter-output>
        </test-method> <!-- moduleData -->
        <test-method status="PASS" signature="afterTest()[pri:0, instance:executeEngine.DriverScript@7494e528]" name="afterTest" is-config="true" duration-ms="1" started-at="2020-06-08T17:09:14 IST" finished-at="2020-06-08T17:09:14 IST">
          <reporter-output>
          </reporter-output>
        </test-method> <!-- afterTest -->
      </class> <!-- executeEngine.DriverScript -->
    </test> <!-- Default test -->
  </suite> <!-- Default suite -->
</testng-results>
